2026-07-02 09:18:56.975 +00:00 [WRN] Overriding address(es) 'https://localhost:63061, http://localhost:63062'. Binding to endpoints defined via IConfiguration and/or UseKestrel() instead.
2026-07-02 09:18:57.127 +00:00 [INF] Now listening on: https://[::]:8443
2026-07-02 09:18:57.408 +00:00 [INF] Application started. Press Ctrl+C to shut down.
2026-07-02 09:18:57.423 +00:00 [INF] Hosting environment: Development
2026-07-02 09:18:57.424 +00:00 [INF] Content root path: C:\Projects\multi-clone-agent\artifacts\proweb-2\project\code\src\ProWeb.Server
2026-07-02 09:19:15.297 +00:00 [INF] Proxied GET https://www.google.com/ → 200 via http in 399ms (235895B) [8af1ed74d1e14194a07fb3ba4528e7ed]
2026-07-02 09:19:15.593 +00:00 [INF] Proxied GET https://www.google.com/p?u=***REDACTED*** → 404 via http in 115ms (2351B) [7a86e95013ab4cd99544fc6a6b604224]
2026-07-02 09:19:15.717 +00:00 [INF] Proxied GET https://www.google.com/p?u=***REDACTED*** → 404 via http in 109ms (5944B) [1ced27b159ce4904b7dbc5b35fb3f459]
2026-07-02 09:19:15.789 +00:00 [INF] Proxied GET https://fonts.gstatic.com/s/googlesans/v29/4UaGrENHsxJlGDuGo1OIlL3Owp4.woff2 → 200 via http in 47ms (39516B) [c28738b388d04132ac178d9dcbb6b9e6]
2026-07-02 09:19:15.814 +00:00 [INF] Proxied GET https://fonts.gstatic.com/s/roboto/v18/KFOmCnqEu92Fr1Mu4mxK.woff2 → 200 via http in 6ms (15344B) [12ae2b47515a49228fb03bf2756433de]
2026-07-02 09:19:15.835 +00:00 [INF] Proxied GET https://fonts.gstatic.com/s/roboto/v18/KFOlCnqEu92Fr1MmWUlfBBc4.woff2 → 200 via http in 5ms (15436B) [dd13d6fcc4b4421faee47752c7f5a3ad]
2026-07-02 09:19:15.968 +00:00 [INF] Proxied GET https://www.google.com/p?u=***REDACTED*** → 404 via http in 105ms (1767B) [db1bf5f37ae34da59c17e0f49e8fa8da]
2026-07-02 09:19:16.085 +00:00 [INF] Proxied GET https://www.google.com/p?u=***REDACTED*** → 404 via http in 105ms (1765B) [68bb0f65be434dab953c48ea41d0eb0f]
2026-07-02 09:19:16.213 +00:00 [INF] Proxied GET https://www.google.com/p?u=***REDACTED*** → 404 via http in 108ms (1839B) [fc714b7cd37b409fb53728617e380195]
2026-07-02 09:19:16.419 +00:00 [INF] Proxied GET https://www.google.com/p?u=***REDACTED*** → 404 via http in 108ms (1829B) [c49974b390de4c7bbd41efdcd1ba59c7]
2026-07-02 09:19:16.562 +00:00 [INF] Proxied GET https://www.google.com/p?u=***REDACTED*** → 404 via http in 106ms (1719B) [6a4173c1c7f54194a1969b94fea9c45f]
2026-07-02 09:21:11.667 +00:00 [INF] Proxied GET https://www.wenxuecity.com/ → 200 via http in 285ms (445364B) [ae3bb2a7ee544176a23a1536362ead78]
2026-07-02 09:21:11.841 +00:00 [INF] Proxied GET https://www.wenxuecity.com/p?u=***REDACTED*** → 301 via http in 74ms (261B) [5861e01e41e04cd3ae67cf65043e4e04]
2026-07-02 09:21:12.055 +00:00 [INF] Proxied GET https://www.wenxuecity.com/p?u=***REDACTED*** → 301 via http in 196ms (297B) [974033675acb457db361c016cf9090bd]
2026-07-02 09:21:12.142 +00:00 [INF] Proxied GET https://www.wenxuecity.com/p?u=***REDACTED*** → 301 via http in 71ms (266B) [8811fe421bf148d08b2ec3c1a6b8df81]
2026-07-02 09:21:12.228 +00:00 [INF] Proxied GET https://www.wenxuecity.com/p?u=***REDACTED*** → 301 via http in 71ms (267B) [7cffad9b3a7b4fb7945d89b97a55a6b9]
2026-07-02 09:21:12.314 +00:00 [INF] Proxied GET https://www.wenxuecity.com/p?u=***REDACTED*** → 301 via http in 72ms (276B) [c568b071b4c84617806634961d6a3706]
2026-07-02 09:21:12.397 +00:00 [INF] Proxied GET https://www.wenxuecity.com/p?u=***REDACTED*** → 301 via http in 71ms (263B) [802febc0b9f04649bb17afd903cd122d]
2026-07-02 09:21:12.484 +00:00 [INF] Proxied GET https://www.wenxuecity.com/p?u=***REDACTED*** → 301 via http in 71ms (266B) [f0ae1a75170648c0a8b85555e48617fa]
2026-07-02 09:21:12.696 +00:00 [INF] Proxied GET https://www.wenxuecity.com/p?u=***REDACTED*** → 301 via http in 200ms (263B) [714531559ab6430da4b8a7d7534cff75]
2026-07-02 09:21:12.783 +00:00 [INF] Proxied GET https://www.wenxuecity.com/p?u=***REDACTED*** → 301 via http in 71ms (264B) [3167ccd711c6488092a14e6c30be0a05]
2026-07-02 09:21:12.867 +00:00 [INF] Proxied GET https://www.wenxuecity.com/p?u=***REDACTED*** → 301 via http in 72ms (267B) [03999476ff7e409ea587557a1b901d2c]
2026-07-02 09:21:12.955 +00:00 [INF] Proxied GET https://www.wenxuecity.com/p?u=***REDACTED*** → 301 via http in 72ms (277B) [ae599da64482488b92324f881f5979b1]
2026-07-02 09:21:13.041 +00:00 [INF] Proxied GET https://www.wenxuecity.com/p?u=***REDACTED*** → 301 via http in 72ms (266B) [d214930afcc74462ba644aeedc752ee3]
2026-07-02 09:21:13.126 +00:00 [INF] Proxied GET https://www.wenxuecity.com/p?u=***REDACTED*** → 301 via http in 71ms (276B) [451989a07dee4cbe80b8eb4758b565f9]
2026-07-02 09:21:13.203 +00:00 [INF] Proxied GET https://html-load.cc/script/d3d3Lndlbnh1ZWNpdHkuY29t.js → 200 via http in 60ms (470595B) [9275f3baf63649c5b4e521df0c58a988]
2026-07-02 09:21:13.313 +00:00 [INF] Proxied GET https://www.wenxuecity.com/p?u=***REDACTED*** → 301 via http in 72ms (268B) [d9145c41756d4e52934aa0edbeb64d2d]
2026-07-02 09:21:13.362 +00:00 [INF] Proxied GET https://adserver.wenxuecity.com/202509/CN%20Banner-Gold-%20Stability%20in%20Uncertain%20Times%20-%20160x90.jpg → 200 via http in 37ms (13235B) [9181ebed01b5442ca8aec8e879d0ea8c]
2026-07-02 09:21:13.446 +00:00 [INF] Proxied GET https://www.wenxuecity.com/p?u=***REDACTED*** → 301 via http in 70ms (308B) [7ba17ecc0d0a49079f3ece8e96e71696]
2026-07-02 09:21:13.532 +00:00 [INF] Proxied GET https://www.wenxuecity.com/p?u=***REDACTED*** → 301 via http in 72ms (264B) [a1d6991dab1f481c9bf60aeaea14b954]
2026-07-02 09:21:13.615 +00:00 [INF] Proxied GET https://www.wenxuecity.com/p?u=***REDACTED*** → 301 via http in 70ms (308B) [46de7286dc5044699544f1655c809ed1]
2026-07-02 09:21:13.697 +00:00 [INF] Proxied GET https://www.wenxuecity.com/p?u=***REDACTED*** → 301 via http in 70ms (309B) [7e2e846a17634923a5eee1df7d123664]
2026-07-02 09:21:13.784 +00:00 [INF] Proxied GET https://www.wenxuecity.com/p?u=***REDACTED*** → 301 via http in 73ms (309B) [999430c73eb7445d831942f1a69f8dfa]
2026-07-02 09:21:13.869 +00:00 [INF] Proxied GET https://www.wenxuecity.com/p?u=***REDACTED*** → 301 via http in 71ms (308B) [d5a99b6258c642c9a3271699eb30426e]
2026-07-02 09:21:13.954 +00:00 [INF] Proxied GET https://www.wenxuecity.com/p?u=***REDACTED*** → 301 via http in 71ms (308B) [73bd295ddeea4a248dbd36ae503264a4]
2026-07-02 09:21:14.044 +00:00 [INF] Proxied GET https://www.wenxuecity.com/p?u=***REDACTED*** → 301 via http in 71ms (309B) [2ea248d0617645c3b597a2eeb083b0e0]
2026-07-02 09:21:14.135 +00:00 [INF] Proxied GET https://www.wenxuecity.com/p?u=***REDACTED*** → 301 via http in 71ms (309B) [48d16608f224456b8ec2b0c60277e07d]
2026-07-02 09:21:14.220 +00:00 [INF] Proxied GET https://www.wenxuecity.com/p?u=***REDACTED*** → 301 via http in 71ms (309B) [bc52b83ee6c646209daabf87db64bf88]
2026-07-02 09:21:14.323 +00:00 [INF] Proxied GET https://www.wenxuecity.com/p?u=***REDACTED*** → 301 via http in 71ms (309B) [4e8adfb671234795b1cca102abe854ae]
2026-07-02 09:21:14.405 +00:00 [INF] Proxied GET https://www.wenxuecity.com/p?u=***REDACTED*** → 301 via http in 72ms (309B) [8377d9aa94d4454abce25a02b0398cfc]
2026-07-02 09:21:14.496 +00:00 [INF] Proxied GET https://www.wenxuecity.com/p?u=***REDACTED*** → 301 via http in 71ms (309B) [c3e0d50f819f4900a37af02c3cfa5fe3]
2026-07-02 09:21:14.580 +00:00 [INF] Proxied GET https://www.wenxuecity.com/p?u=***REDACTED*** → 301 via http in 70ms (270B) [2e303507f9b041bc975b6d5b0a3205cd]
2026-07-02 09:21:14.661 +00:00 [INF] Proxied GET https://www.wenxuecity.com/p?u=***REDACTED*** → 301 via http in 71ms (305B) [a02ef90da44642d595bb7dd1e5701813]
2026-07-02 09:21:14.743 +00:00 [INF] Proxied GET https://www.wenxuecity.com/p?u=***REDACTED*** → 301 via http in 71ms (267B) [78090f35e63740b593bed8747fa97c77]
2026-07-02 09:21:14.828 +00:00 [INF] Proxied GET https://www.wenxuecity.com/p?u=***REDACTED*** → 301 via http in 71ms (304B) [73136e87d73645e18300d15dc2221470]
2026-07-02 09:21:14.919 +00:00 [INF] Proxied GET https://www.wenxuecity.com/p?u=***REDACTED*** → 301 via http in 71ms (304B) [64aa648b4c37451e995f355ce0cfe3e5]
2026-07-02 09:21:15.000 +00:00 [INF] Proxied GET https://www.wenxuecity.com/p?u=***REDACTED*** → 301 via http in 70ms (304B) [3e0c6be8eec541299a8ab36263efb4f1]
2026-07-02 09:21:15.082 +00:00 [INF] Proxied GET https://www.wenxuecity.com/p?u=***REDACTED*** → 301 via http in 70ms (304B) [4d47c205b2884b70b8fe103587170213]
2026-07-02 09:21:15.166 +00:00 [INF] Proxied GET https://www.wenxuecity.com/p?u=***REDACTED*** → 301 via http in 71ms (305B) [ada9ad6ea55c4f1a8a845d3bc2c135e8]
2026-07-02 09:21:15.852 +00:00 [INF] Proxied GET https://www.wenxuecity.com/p?u=***REDACTED*** → 301 via http in 71ms (270B) [2292cf9d087e4c77bb896927682b349b]
2026-07-02 09:21:15.934 +00:00 [INF] Proxied GET https://www.wenxuecity.com/p?u=***REDACTED*** → 301 via http in 70ms (256B) [099bd00ca74540a5990638da8f663cb7]
2026-07-02 09:21:16.022 +00:00 [INF] Proxied GET https://www.wenxuecity.com/p?u=***REDACTED*** → 301 via http in 71ms (263B) [c1377f76a722464a99a81c77a0bc3561]
2026-07-02 09:21:16.190 +00:00 [INF] Proxied GET https://www.wenxuecity.com/p?u=***REDACTED*** → 301 via http in 71ms (264B) [b763b25806264a43855a121c65d703f5]
2026-07-02 09:21:16.291 +00:00 [INF] Proxied GET https://www.wenxuecity.com/p?u=***REDACTED*** → 301 via http in 73ms (299B) [89cf93239669432b9cd794bc12a42336]
2026-07-02 09:21:17.284 +00:00 [INF] Proxied GET https://www.wenxuecity.com/p?u=***REDACTED*** → 301 via http in 70ms (259B) [c3a20a97b958406989aceb89ead49ee1]
2026-07-02 09:22:36.830 +00:00 [INF] Proxied GET https://www.wenxuecity.com/p?u=***REDACTED*** → 301 via http in 89ms (280B) [94321fc27095438a9204b0457e91d988]
2026-07-02 09:22:36.956 +00:00 [INF] Proxied GET https://www.wenxuecity.com/favicon.ico → 200 via http in 6ms (9662B) [55c5aea80d814e94878d747c58e46994]
2026-07-02 09:22:53.718 +00:00 [INF] Proxied GET https://www.google.com/ → 200 via http in 114ms (236267B) [9ff44611320040aba118b5f4f331c35b]
2026-07-02 09:22:53.900 +00:00 [INF] Proxied GET https://www.google.com/p?u=***REDACTED*** → 404 via http in 104ms (2351B) [f5cca26699af49ee8e8be0900a5bd939]
2026-07-02 09:22:53.914 +00:00 [INF] Cache hit for 312fc3805fc042a580d45c2b20f94424 (https://fonts.gstatic.com/s/googlesans/v29/4UaGrENHsxJlGDuGo1OIlL3Owp4.woff2).
2026-07-02 09:22:53.918 +00:00 [INF] Proxied GET https://fonts.gstatic.com/s/googlesans/v29/4UaGrENHsxJlGDuGo1OIlL3Owp4.woff2 → 200 via cache in 1ms (39516B) [312fc3805fc042a580d45c2b20f94424]
2026-07-02 09:22:53.930 +00:00 [INF] Cache hit for b797c856777d4e78a54dca2e136e8f31 (https://fonts.gstatic.com/s/roboto/v18/KFOmCnqEu92Fr1Mu4mxK.woff2).
2026-07-02 09:22:53.933 +00:00 [INF] Proxied GET https://fonts.gstatic.com/s/roboto/v18/KFOmCnqEu92Fr1Mu4mxK.woff2 → 200 via cache in 0ms (15344B) [b797c856777d4e78a54dca2e136e8f31]
2026-07-02 09:22:53.948 +00:00 [INF] Cache hit for a1c34e807c9e478ea2c65841d984955a (https://fonts.gstatic.com/s/roboto/v18/KFOlCnqEu92Fr1MmWUlfBBc4.woff2).
2026-07-02 09:22:53.951 +00:00 [INF] Proxied GET https://fonts.gstatic.com/s/roboto/v18/KFOlCnqEu92Fr1MmWUlfBBc4.woff2 → 200 via cache in 0ms (15436B) [a1c34e807c9e478ea2c65841d984955a]
2026-07-02 09:22:54.082 +00:00 [INF] Proxied GET https://www.google.com/p?u=***REDACTED*** → 404 via http in 104ms (5944B) [cb2e01b6735f4c3aa133f034cb4c438d]
2026-07-02 09:22:54.202 +00:00 [INF] Proxied GET https://www.google.com/p?u=***REDACTED*** → 404 via http in 106ms (1767B) [2bf18a0c3a2e4ea783fc6fc74b695b03]
2026-07-02 09:22:54.319 +00:00 [INF] Proxied GET https://www.google.com/p?u=***REDACTED*** → 404 via http in 104ms (1765B) [1960514eb68f4e34b86c6ab361a22987]
2026-07-02 09:22:54.435 +00:00 [INF] Proxied GET https://www.google.com/p?u=***REDACTED*** → 404 via http in 105ms (1829B) [f14ef3562002488fa68561980a9e4585]
2026-07-02 09:22:54.628 +00:00 [INF] Proxied GET https://www.google.com/p?u=***REDACTED*** → 404 via http in 106ms (1719B) [d4a1eb0ade084bbf94144bec8300d9d1]
